1655312802058	geckodriver	INFO	Listening on 127.0.0.1:65264
1655312805133	mozrunner::runner	INFO	Running command: "C:\\Program Files\\Mozilla Firefox\\firefox.exe" "--marionette" "--remote-debugging-port" "65265" "--remote-allow-hosts" "localhost" "-no-remote" "-profile" "C:\\Users\\grane\\AppData\\Local\\Temp\\rust_mozprofileyMYPkI"
1655312805433	Marionette	INFO	Marionette enabled
WebDriver BiDi listening on ws://localhost:65265
console.warn: SearchSettings: "get: No settings file exists, new profile?" (new NotFoundError("Could not open the file at C:\\Users\\grane\\AppData\\Local\\Temp\\rust_mozprofileyMYPkI\\search.json.mozlz4", (void 0)))
1655312806702	Marionette	INFO	Listening on port 65290
DevTools listening on ws://localhost:65265/devtools/browser/c3a2fc93-a0e3-46b9-8945-e27472b5a8b4
Read port: 65290
1655312806797	RemoteAgent	WARN	TLS certificate errors will be ignored for this session
JavaScript error: https://media.ethicalads.io/media/client/v1.4.0/ethicalads.min.js, line 1: Error: No ad placements found.
JavaScript error: resource:///actors/FormValidationChild.jsm, line 184: TypeError: this._element is null
console.warn: LoginRecipes: "getRecipes: falling back to a synchronous message for:" "https://www.python.org"
1655312807435	Marionette	INFO	Stopped listening on port 65290
JavaScript error: resource://services-settings/Utils.jsm, line 153: TypeError: NetworkError: Network request failed
1655313164473	geckodriver	INFO	Listening on 127.0.0.1:65418
1655313167533	mozrunner::runner	INFO	Running command: "C:\\Program Files\\Mozilla Firefox\\firefox.exe" "--marionette" "--remote-debugging-port" "65419" "--remote-allow-hosts" "localhost" "-no-remote" "-profile" "C:\\Users\\grane\\AppData\\Local\\Temp\\rust_mozprofileSZt5IJ"
1655313167809	Marionette	INFO	Marionette enabled
WebDriver BiDi listening on ws://localhost:65419
console.warn: SearchSettings: "get: No settings file exists, new profile?" (new NotFoundError("Could not open the file at C:\\Users\\grane\\AppData\\Local\\Temp\\rust_mozprofileSZt5IJ\\search.json.mozlz4", (void 0)))
1655313169183	Marionette	INFO	Listening on port 65445
Read port: 65445
1655313169212	RemoteAgent	WARN	TLS certificate errors will be ignored for this session
DevTools listening on ws://localhost:65419/devtools/browser/930edc75-f4c9-43bb-a84a-df960c3d5961
JavaScript error: https://media.ethicalads.io/media/client/v1.4.0/ethicalads.min.js, line 1: Error: No ad placements found.
JavaScript error: resource:///actors/FormValidationChild.jsm, line 184: TypeError: this._element is null
console.warn: LoginRecipes: "getRecipes: falling back to a synchronous message for:" "https://www.python.org"
1655313169845	Marionette	INFO	Stopped listening on port 65445
JavaScript error: resource://services-settings/Utils.jsm, line 153: TypeError: NetworkError: Network request failed
[Parent 8668, IPC I/O Parent] WARNING: file /builds/worker/checkouts/gecko/ipc/chromium/src/base/process_util_win.cc:167
1655313188331	geckodriver	INFO	Listening on 127.0.0.1:65493
1655313191375	mozrunner::runner	INFO	Running command: "C:\\Program Files\\Mozilla Firefox\\firefox.exe" "--marionette" "--remote-debugging-port" "65494" "--remote-allow-hosts" "localhost" "-no-remote" "-profile" "C:\\Users\\grane\\AppData\\Local\\Temp\\rust_mozprofiledVNLKF"
1655313191649	Marionette	INFO	Marionette enabled
WebDriver BiDi listening on ws://localhost:65494
console.warn: SearchSettings: "get: No settings file exists, new profile?" (new NotFoundError("Could not open the file at C:\\Users\\grane\\AppData\\Local\\Temp\\rust_mozprofiledVNLKF\\search.json.mozlz4", (void 0)))
1655313192917	Marionette	INFO	Listening on port 65517
DevTools listening on ws://localhost:65494/devtools/browser/d1ce0d82-1dac-4920-85e4-aa90d250ac81
Read port: 65517
1655313193029	RemoteAgent	WARN	TLS certificate errors will be ignored for this session
JavaScript error: https://media.ethicalads.io/media/client/v1.4.0/ethicalads.min.js, line 1: Error: No ad placements found.
JavaScript error: resource:///actors/FormValidationChild.jsm, line 184: TypeError: this._element is null
console.warn: LoginRecipes: "getRecipes: falling back to a synchronous message for:" "https://www.python.org"
JavaScript error: https://media.ethicalads.io/media/client/v1.4.0/ethicalads.min.js, line 1: Error: No ad placements found.
JavaScript error: resource:///actors/FormValidationChild.jsm, line 184: TypeError: this._element is null
1655313218202	Marionette	INFO	Stopped listening on port 65517
console.warn: TopSitesFeed: Failed to fetch data from Contile server: NetworkError when attempting to fetch resource.

###!!! [Parent][PGPUParent] Error: RunMessage(msgname=PGPU::Msg_ShutdownVR) Channel closing: too late to send/recv, messages will be lost

1655313364585	geckodriver	INFO	Listening on 127.0.0.1:49210
1655313367647	mozrunner::runner	INFO	Running command: "C:\\Program Files\\Mozilla Firefox\\firefox.exe" "--marionette" "--remote-debugging-port" "49211" "--remote-allow-hosts" "localhost" "-no-remote" "-profile" "C:\\Users\\grane\\AppData\\Local\\Temp\\rust_mozprofileGjykto"
1655313367924	Marionette	INFO	Marionette enabled
WebDriver BiDi listening on ws://localhost:49211
console.warn: SearchSettings: "get: No settings file exists, new profile?" (new NotFoundError("Could not open the file at C:\\Users\\grane\\AppData\\Local\\Temp\\rust_mozprofileGjykto\\search.json.mozlz4", (void 0)))
1655313369182	Marionette	INFO	Listening on port 49238
DevTools listening on ws://localhost:49211/devtools/browser/4d085b5a-f583-4ccb-83c6-42089b8cd0a6
Read port: 49238
1655313369295	RemoteAgent	WARN	TLS certificate errors will be ignored for this session
JavaScript error: https://media.ethicalads.io/media/client/v1.4.0/ethicalads.min.js, line 1: Error: No ad placements found.
JavaScript error: resource:///actors/FormValidationChild.jsm, line 184: TypeError: this._element is null
console.warn: LoginRecipes: "getRecipes: falling back to a synchronous message for:" "https://www.python.org"
1655313369867	Marionette	INFO	Stopped listening on port 49238
JavaScript error: resource://services-settings/Utils.jsm, line 153: TypeError: NetworkError: Network request failed
1655313386999	geckodriver	INFO	Listening on 127.0.0.1:49283
1655313390057	mozrunner::runner	INFO	Running command: "C:\\Program Files\\Mozilla Firefox\\firefox.exe" "--marionette" "--remote-debugging-port" "49284" "--remote-allow-hosts" "localhost" "-no-remote" "-profile" "C:\\Users\\grane\\AppData\\Local\\Temp\\rust_mozprofileuTLdPD"
1655313390344	Marionette	INFO	Marionette enabled
WebDriver BiDi listening on ws://localhost:49284
console.warn: SearchSettings: "get: No settings file exists, new profile?" (new NotFoundError("Could not open the file at C:\\Users\\grane\\AppData\\Local\\Temp\\rust_mozprofileuTLdPD\\search.json.mozlz4", (void 0)))
1655313391672	Marionette	INFO	Listening on port 49308
DevTools listening on ws://localhost:49284/devtools/browser/de853ddc-f3e7-47c8-9d3b-5b8066afccc8
Read port: 49308
1655313391718	RemoteAgent	WARN	TLS certificate errors will be ignored for this session
1655313394476	Marionette	INFO	Stopped listening on port 49308
console.warn: TopSitesFeed: Failed to fetch data from Contile server: NetworkError when attempting to fetch resource.

###!!! [Parent][PGPUParent] Error: RunMessage(msgname=PGPU::Msg_ShutdownVR) Channel closing: too late to send/recv, messages will be lost

1655313416900	geckodriver	INFO	Listening on 127.0.0.1:49359
1655313419954	mozrunner::runner	INFO	Running command: "C:\\Program Files\\Mozilla Firefox\\firefox.exe" "--marionette" "--remote-debugging-port" "49360" "--remote-allow-hosts" "localhost" "-no-remote" "-profile" "C:\\Users\\grane\\AppData\\Local\\Temp\\rust_mozprofileQZaMic"
1655313420234	Marionette	INFO	Marionette enabled
WebDriver BiDi listening on ws://localhost:49360
console.warn: SearchSettings: "get: No settings file exists, new profile?" (new NotFoundError("Could not open the file at C:\\Users\\grane\\AppData\\Local\\Temp\\rust_mozprofileQZaMic\\search.json.mozlz4", (void 0)))
1655313421469	Marionette	INFO	Listening on port 49384
Read port: 49384
1655313421513	RemoteAgent	WARN	TLS certificate errors will be ignored for this session
DevTools listening on ws://localhost:49360/devtools/browser/e5c68b8a-f8f5-4de2-9fda-dd27a446cdb7
1655313428254	Marionette	INFO	Stopped listening on port 49384
console.warn: TopSitesFeed: Failed to fetch data from Contile server: NetworkError when attempting to fetch resource.
